  example1.6.cpp
D:\develope\CppPrimer-zd\ch01_Getting_Started\exercise\example1.6.cpp(13,13): error C2064: 项不会计算为接受 0 个参数的函数
D:\develope\CppPrimer-zd\ch01_Getting_Started\exercise\example1.6.cpp(13,29): error C2064: 项不会计算为接受 0 个参数的函数
